<?xml version="1.0" encoding="UTF-8"?>
<!-- Generated by org.testng.reporters.JUnitReportReporter -->
<testsuite skipped="0" hostname="Rohit" name="com.chatwhizz.testCases.TC_LoginPage" tests="1" failures="0" timestamp="20 Jun 2021 13:32:22 GMT" time="10.707" errors="0">
  <testcase name="loginPage" time="10.707" classname="com.chatwhizz.testCases.TC_LoginPage"/>
</testsuite> <!-- com.chatwhizz.testCases.TC_LoginPage -->
